<?xml version="1.0" encoding="UTF-8" ?>
<testsuite tests="1" failures="0" name="runners.RunnerTest" time="0.169" errors="1" skipped="0">
  <properties>
[...]
</properties>
  <testcase classname="TestasActions" name="verificar dropDown da aba" time="0.169">
    <error message="The step &apos;mover o mouse para aba PIM&apos; and 2 other step(s) are undefined.
You can implement these steps using the snippet(s) below:

@Quando(&quot;mover o mouse para aba PIM&quot;)
public void moverOMouseParaAbaPIM() {
    // Write code here that turns the phrase above into concrete actions
    throw new io.cucumber.java.PendingException();
}
@Quando(&quot;mover o mouse para o menu configuration&quot;)
public void moverOMouseParaOMenuConfiguration() {
    // Write code here that turns the phrase above into concrete actions
    throw new io.cucumber.java.PendingException();
}
@Quando(&quot;mover o mouse para o menu custom field&quot;)
public void moverOMouseParaOMenuCustomField() {
    // Write code here that turns the phrase above into concrete actions
    throw new io.cucumber.java.PendingException();
}
" type="io.cucumber.junit.UndefinedStepException">io.cucumber.junit.UndefinedStepException: The step &apos;mover o mouse para aba PIM&apos; and 2 other step(s) are undefined.
You can implement these steps using the snippet(s) below:

@Quando(&quot;mover o mouse para aba PIM&quot;)
public void moverOMouseParaAbaPIM() {
    // Write code here that turns the phrase above into concrete actions
    throw new io.cucumber.java.PendingException();
}
@Quando(&quot;mover o mouse para o menu configuration&quot;)
public void moverOMouseParaOMenuConfiguration() {
    // Write code here that turns the phrase above into concrete actions
    throw new io.cucumber.java.PendingException();
}
@Quando(&quot;mover o mouse para o menu custom field&quot;)
public void moverOMouseParaOMenuCustomField() {
    // Write code here that turns the phrase above into concrete actions
    throw new io.cucumber.java.PendingException();
}

</error>
    <system-out>
@dropDown @cadastro
Cenario: verificar dropDown da aba          # src/test/resources/features/TestandoActions.feature:8
  Quando mover o mouse para aba PIM         # null
  E mover o mouse para o menu configuration # null
  E mover o mouse para o menu custom field  # null
</system-out>
  </testcase>
</testsuite>